running egg_info
creating ../../build/pid_control/pid_control.egg-info
writing ../../build/pid_control/pid_control.egg-info/PKG-INFO
writing dependency_links to ../../build/pid_control/pid_control.egg-info/dependency_links.txt
writing entry points to ../../build/pid_control/pid_control.egg-info/entry_points.txt
writing requirements to ../../build/pid_control/pid_control.egg-info/requires.txt
writing top-level names to ../../build/pid_control/pid_control.egg-info/top_level.txt
writing manifest file '../../build/pid_control/pid_control.egg-info/SOURCES.txt'
reading manifest file '../../build/pid_control/pid_control.egg-info/SOURCES.txt'
adding license file 'LICENSE'
writing manifest file '../../build/pid_control/pid_control.egg-info/SOURCES.txt'
running build
running build_py
creating /home/sujin/ws_Control/build/pid_control/build
creating /home/sujin/ws_Control/build/pid_control/build/lib
creating /home/sujin/ws_Control/build/pid_control/build/lib/pid_control
copying pid_control/thrust.py -> /home/sujin/ws_Control/build/pid_control/build/lib/pid_control
copying pid_control/__init__.py -> /home/sujin/ws_Control/build/pid_control/build/lib/pid_control
running install
running install_lib
creating /home/sujin/ws_Control/install/pid_control/lib/python3.10/site-packages/pid_control
copying /home/sujin/ws_Control/build/pid_control/build/lib/pid_control/thrust.py -> /home/sujin/ws_Control/install/pid_control/lib/python3.10/site-packages/pid_control
copying /home/sujin/ws_Control/build/pid_control/build/lib/pid_control/__init__.py -> /home/sujin/ws_Control/install/pid_control/lib/python3.10/site-packages/pid_control
byte-compiling /home/sujin/ws_Control/install/pid_control/lib/python3.10/site-packages/pid_control/thrust.py to thrust.cpython-310.pyc
byte-compiling /home/sujin/ws_Control/install/pid_control/lib/python3.10/site-packages/pid_control/__init__.py to __init__.cpython-310.pyc
running install_data
creating /home/sujin/ws_Control/install/pid_control/share/ament_index
creating /home/sujin/ws_Control/install/pid_control/share/ament_index/resource_index
creating /home/sujin/ws_Control/install/pid_control/share/ament_index/resource_index/packages
copying resource/pid_control -> /home/sujin/ws_Control/install/pid_control/share/ament_index/resource_index/packages
copying package.xml -> /home/sujin/ws_Control/install/pid_control/share/pid_control
running install_egg_info
Copying ../../build/pid_control/pid_control.egg-info to /home/sujin/ws_Control/install/pid_control/lib/python3.10/site-packages/pid_control-0.0.0-py3.10.egg-info
running install_scripts
Installing thrust script to /home/sujin/ws_Control/install/pid_control/lib/pid_control
writing list of installed files to '/home/sujin/ws_Control/build/pid_control/install.log'
